Tue May 28 2024 14:03:27 GMT+0530 (India Standard Time) - GET - / 
Tue May 28 2024 14:04:03 GMT+0530 (India Standard Time) - GET - /userd 
Tue May 28 2024 14:04:08 GMT+0530 (India Standard Time) - GET - /users 
Tue May 28 2024 14:04:08 GMT+0530 (India Standard Time) - GET - /favicon.ico 
Tue May 28 2024 14:04:26 GMT+0530 (India Standard Time) - GET - /users 
Tue May 28 2024 14:06:11 GMT+0530 (India Standard Time) - GET - /getusers 
Tue May 28 2024 14:09:52 GMT+0530 (India Standard Time) - POST - /addusers 
Tue May 28 2024 14:10:03 GMT+0530 (India Standard Time) - POST - /addusers 
Tue May 28 2024 14:11:35 GMT+0530 (India Standard Time) - POST - /addusers 
Tue May 28 2024 14:13:35 GMT+0530 (India Standard Time) - POST - /addusers 
Tue May 28 2024 14:14:34 GMT+0530 (India Standard Time) - POST - /addusers 
Tue May 28 2024 14:15:20 GMT+0530 (India Standard Time) - POST - /addusers 
Tue May 28 2024 14:15:39 GMT+0530 (India Standard Time) - POST - /addusers 
Tue May 28 2024 14:15:41 GMT+0530 (India Standard Time) - POST - /addusers 
Tue May 28 2024 14:16:50 GMT+0530 (India Standard Time) - POST - /addusers 
Tue May 28 2024 14:17:11 GMT+0530 (India Standard Time) - POST - /addusers 
Tue May 28 2024 14:18:30 GMT+0530 (India Standard Time) - POST - /addusers 
Tue May 28 2024 14:18:51 GMT+0530 (India Standard Time) - POST - /addusers 
Tue May 28 2024 14:18:57 GMT+0530 (India Standard Time) - GET - /getusers 
Tue May 28 2024 14:19:02 GMT+0530 (India Standard Time) - GET - /getusers 
Tue May 28 2024 14:19:09 GMT+0530 (India Standard Time) - GET - /users 
Tue May 28 2024 15:35:12 GMT+0530 (India Standard Time) - GET - /users 
Tue May 28 2024 15:37:32 GMT+0530 (India Standard Time) - GET - /login 
Tue May 28 2024 15:37:44 GMT+0530 (India Standard Time) - GET - /login 
Tue May 28 2024 15:38:19 GMT+0530 (India Standard Time) - POST - /login 
Tue May 28 2024 15:46:47 GMT+0530 (India Standard Time) - GET - /login 
Tue May 28 2024 15:46:49 GMT+0530 (India Standard Time) - GET - /login 
Tue May 28 2024 15:46:51 GMT+0530 (India Standard Time) - GET - /login 
Tue May 28 2024 15:46:59 GMT+0530 (India Standard Time) - GET - /login 
Tue May 28 2024 15:47:06 GMT+0530 (India Standard Time) - GET - /login 
Tue May 28 2024 15:47:15 GMT+0530 (India Standard Time) - GET - /login 
Tue May 28 2024 15:47:22 GMT+0530 (India Standard Time) - GET - /login 
Tue May 28 2024 15:48:23 GMT+0530 (India Standard Time) - POST - /login 
Tue May 28 2024 15:50:12 GMT+0530 (India Standard Time) - POST - /login 
Tue May 28 2024 15:50:20 GMT+0530 (India Standard Time) - GET - /users 
Sat Jun 01 2024 12:20:07 GMT+0530 (India Standard Time) - GET - /users 
Sat Jun 01 2024 12:20:19 GMT+0530 (India Standard Time) - POST - /login 
Sat Jun 01 2024 12:36:31 GMT+0530 (India Standard Time) - OPTIONS - /login 
Sat Jun 01 2024 12:36:31 GMT+0530 (India Standard Time) - POST - /login 
Sat Jun 01 2024 12:43:23 GMT+0530 (India Standard Time) - OPTIONS - /login 
Sat Jun 01 2024 12:43:23 GMT+0530 (India Standard Time) - POST - /login 
Sat Jun 01 2024 12:44:02 GMT+0530 (India Standard Time) - POST - /login 
Sat Jun 01 2024 12:45:06 GMT+0530 (India Standard Time) - OPTIONS - /login 
Sat Jun 01 2024 12:45:06 GMT+0530 (India Standard Time) - POST - /login 
Sat Jun 01 2024 12:46:37 GMT+0530 (India Standard Time) - POST - /login 
Sat Jun 01 2024 12:47:49 GMT+0530 (India Standard Time) - OPTIONS - /login 
Sat Jun 01 2024 12:47:49 GMT+0530 (India Standard Time) - POST - /login 
Sat Jun 01 2024 12:48:28 GMT+0530 (India Standard Time) - OPTIONS - /login 
Sat Jun 01 2024 12:48:28 GMT+0530 (India Standard Time) - POST - /login 
Sat Jun 01 2024 12:49:25 GMT+0530 (India Standard Time) - OPTIONS - /login 
Sat Jun 01 2024 12:49:25 GMT+0530 (India Standard Time) - POST - /login 
Sat Jun 01 2024 12:49:53 GMT+0530 (India Standard Time) - OPTIONS - /login 
Sat Jun 01 2024 12:49:53 GMT+0530 (India Standard Time) - POST - /login 
Sat Jun 01 2024 12:52:24 GMT+0530 (India Standard Time) - OPTIONS - /login 
Sat Jun 01 2024 12:52:24 GMT+0530 (India Standard Time) - POST - /login 
Sat Jun 01 2024 12:53:08 GMT+0530 (India Standard Time) - OPTIONS - /login 
Sat Jun 01 2024 12:53:08 GMT+0530 (India Standard Time) - POST - /login 
Sat Jun 01 2024 12:53:31 GMT+0530 (India Standard Time) - OPTIONS - /login 
Sat Jun 01 2024 12:53:31 GMT+0530 (India Standard Time) - POST - /login 
Sat Jun 01 2024 12:53:57 GMT+0530 (India Standard Time) - OPTIONS - /login 
Sat Jun 01 2024 12:53:57 GMT+0530 (India Standard Time) - POST - /login 
Sat Jun 01 2024 12:54:33 GMT+0530 (India Standard Time) - OPTIONS - /login 
Sat Jun 01 2024 12:54:33 GMT+0530 (India Standard Time) - POST - /login 
Sat Jun 01 2024 12:54:58 GMT+0530 (India Standard Time) - OPTIONS - /login 
Sat Jun 01 2024 12:54:59 GMT+0530 (India Standard Time) - POST - /login 
Sat Jun 01 2024 12:55:20 GMT+0530 (India Standard Time) - OPTIONS - /login 
Sat Jun 01 2024 12:55:20 GMT+0530 (India Standard Time) - POST - /login 
Sat Jun 01 2024 13:05:48 GMT+0530 (India Standard Time) - OPTIONS - /login 
Sat Jun 01 2024 13:05:48 GMT+0530 (India Standard Time) - POST - /login 
Sat Jun 01 2024 13:06:12 GMT+0530 (India Standard Time) - OPTIONS - /login 
Sat Jun 01 2024 13:06:12 GMT+0530 (India Standard Time) - POST - /login 
Sat Jun 01 2024 13:06:20 GMT+0530 (India Standard Time) - OPTIONS - /login 
Sat Jun 01 2024 13:06:20 GMT+0530 (India Standard Time) - POST - /login 
Sat Jun 01 2024 13:06:40 GMT+0530 (India Standard Time) - OPTIONS - /login 
Sat Jun 01 2024 13:06:40 GMT+0530 (India Standard Time) - POST - /login 
Sat Jun 01 2024 13:10:13 GMT+0530 (India Standard Time) - OPTIONS - /login 
Sat Jun 01 2024 13:10:13 GMT+0530 (India Standard Time) - POST - /login 
Sat Jun 01 2024 13:37:28 GMT+0530 (India Standard Time) - OPTIONS - /login 
Sat Jun 01 2024 13:37:28 GMT+0530 (India Standard Time) - POST - /login 
